[0m15:20:45.908032 [debug] [MainThread]: Sending event: {'category': 'dbt', 'action': 'invocation', 'label': 'start', 'context': [<snowplow_tracker.self_describing_json.SelfDescribingJson object at 0x76daa4ebba30>, <snowplow_tracker.self_describing_json.SelfDescribingJson object at 0x76daa3ebc730>, <snowplow_tracker.self_describing_json.SelfDescribingJson object at 0x76daa3ebc640>]}


============================== 15:20:45.920246 | bc2dbda5-dc5a-4cc5-9030-b13a293591f5 ==============================
[0m15:20:45.920246 [info ] [MainThread]: Running with dbt=1.10.13
[0m15:20:45.921093 [debug] [MainThread]: running dbt with arguments {'profiles_dir': '/usr/app/dbt', 'no_print': 'None', 'log_cache_events': 'False', 'fail_fast': 'False', 'debug': 'False', 'invocation_command': 'dbt list', 'send_anonymous_usage_stats': 'True', 'introspect': 'True', 'target_path': 'None', 'cache_selected_only': 'False', 'static_parser': 'True', 'version_check': 'True', 'log_path': 'logs', 'indirect_selection': 'eager', 'log_format': 'default', 'partial_parse': 'True', 'printer_width': '80', 'warn_error': 'None', 'use_experimental_parser': 'False', 'warn_error_options': 'WarnErrorOptionsV2(error=[], warn=[], silence=[])', 'use_colors': 'True', 'empty': 'None', 'quiet': 'False', 'write_json': 'True'}
[0m15:20:45.921768 [error] [MainThread]: Encountered an error:
Runtime Error
  No dbt_project.yml found at expected path /usr/app/dbt/dbt_project.yml
  Verify that each entry within packages.yml (and their transitive dependencies) contains a file named dbt_project.yml
  
[0m15:20:45.924765 [debug] [MainThread]: Resource report: {"command_name": "list", "command_success": false, "command_wall_clock_time": 0.0249322, "process_in_blocks": "456", "process_kernel_time": 0.148192, "process_mem_max_rss": "93268", "process_out_blocks": "48", "process_user_time": 1.499574}
[0m15:20:45.925376 [debug] [MainThread]: Command `dbt list` failed at 15:20:45.925232 after 0.03 seconds
[0m15:20:45.925809 [debug] [MainThread]: Sending event: {'category': 'dbt', 'action': 'invocation', 'label': 'end', 'context': [<snowplow_tracker.self_describing_json.SelfDescribingJson object at 0x76daa4ebba30>, <snowplow_tracker.self_describing_json.SelfDescribingJson object at 0x76daa3e91280>, <snowplow_tracker.self_describing_json.SelfDescribingJson object at 0x76daa3e911c0>]}
[0m15:20:45.926235 [debug] [MainThread]: Flushing usage events
[0m15:20:46.888775 [debug] [MainThread]: An error was encountered while trying to flush usage events
[0m16:01:30.957863 [debug] [MainThread]: Sending event: {'category': 'dbt', 'action': 'invocation', 'label': 'start', 'context': [<snowplow_tracker.self_describing_json.SelfDescribingJson object at 0x7fb531b18a00>, <snowplow_tracker.self_describing_json.SelfDescribingJson object at 0x7fb530b1a6d0>, <snowplow_tracker.self_describing_json.SelfDescribingJson object at 0x7fb530b1a670>]}


============================== 16:01:30.962534 | 77f9a4f3-faed-4293-8c51-d01f64545843 ==============================
[0m16:01:30.962534 [info ] [MainThread]: Running with dbt=1.10.13
[0m16:01:30.963236 [debug] [MainThread]: running dbt with arguments {'no_print': 'None', 'log_format': 'default', 'fail_fast': 'False', 'partial_parse': 'True', 'indirect_selection': 'eager', 'target_path': 'None', 'write_json': 'True', 'empty': 'None', 'static_parser': 'True', 'send_anonymous_usage_stats': 'True', 'quiet': 'False', 'printer_width': '80', 'profiles_dir': '/usr/app/dbt', 'invocation_command': 'dbt init dbt_project', 'use_experimental_parser': 'False', 'introspect': 'True', 'cache_selected_only': 'False', 'use_colors': 'True', 'log_path': 'logs', 'debug': 'False', 'log_cache_events': 'False', 'warn_error': 'None', 'warn_error_options': 'WarnErrorOptionsV2(error=[], warn=[], silence=[])', 'version_check': 'True'}
[0m16:01:31.012490 [debug] [MainThread]: Starter project path: /usr/local/lib/python3.9/site-packages/dbt/include/starter_project
[0m16:01:31.025653 [info ] [MainThread]: 
Your new dbt project "dbt_project" was created!

For more information on how to configure the profiles.yml file,
please consult the dbt documentation here:

  https://docs.getdbt.com/docs/configure-your-profile

One more thing:

Need help? Don't hesitate to reach out to us via GitHub issues or on Slack:

  https://community.getdbt.com/

Happy modeling!

[0m16:01:31.026355 [info ] [MainThread]: Setting up your profile.
